2004.06.07 22:37 B d:\home\jbrains\workspace\v3.0\jbrains\DiasparsoftToolkit\target\docs\images\add.gif --> diasparsoftware.com /toolkit/images add.gif
2004.06.07 22:37 B d:\home\jbrains\workspace\v3.0\jbrains\DiasparsoftToolkit\target\docs\images\collapsed.gif --> diasparsoftware.com /toolkit/images collapsed.gif
2004.06.07 22:37 B d:\home\jbrains\workspace\v3.0\jbrains\DiasparsoftToolkit\target\docs\images\expanded.gif --> diasparsoftware.com /toolkit/images expanded.gif
2004.06.07 22:37 B d:\home\jbrains\workspace\v3.0\jbrains\DiasparsoftToolkit\target\docs\images\external-classic.png --> diasparsoftware.com /toolkit/images external-classic.png
2004.06.07 22:38 B d:\home\jbrains\workspace\v3.0\jbrains\DiasparsoftToolkit\target\docs\images\external.png --> diasparsoftware.com /toolkit/images external.png
2004.06.07 22:49 B d:\home\jbrains\workspace\v3.0\jbrains\DiasparsoftToolkit\target\docs\images\file.gif --> diasparsoftware.com /toolkit/images file.gif
2004.06.07 22:49 B d:\home\jbrains\workspace\v3.0\jbrains\DiasparsoftToolkit\target\docs\images\fix.gif --> diasparsoftware.com /toolkit/images fix.gif
2004.06.07 22:49 B d:\home\jbrains\workspace\v3.0\jbrains\DiasparsoftToolkit\target\docs\images\folder-closed.gif --> diasparsoftware.com /toolkit/images folder-closed.gif
2004.06.07 22:49 B d:\home\jbrains\workspace\v3.0\jbrains\DiasparsoftToolkit\target\docs\images\folder-open.gif --> diasparsoftware.com /toolkit/images folder-open.gif
2004.06.07 22:49 B d:\home\jbrains\workspace\v3.0\jbrains\DiasparsoftToolkit\target\docs\images\help_logo.gif --> diasparsoftware.com /toolkit/images help_logo.gif
2004.06.07 22:49 B d:\home\jbrains\workspace\v3.0\jbrains\DiasparsoftToolkit\target\docs\images\icon_alert.gif --> diasparsoftware.com /toolkit/images icon_alert.gif
2004.06.07 22:49 B d:\home\jbrains\workspace\v3.0\jbrains\DiasparsoftToolkit\target\docs\images\icon_alertsml.gif --> diasparsoftware.com /toolkit/images icon_alertsml.gif
2004.06.07 22:49 B d:\home\jbrains\workspace\v3.0\jbrains\DiasparsoftToolkit\target\docs\images\icon_arrowfolder1_sml.gif --> diasparsoftware.com /toolkit/images icon_arrowfolder1_sml.gif
2004.06.07 22:49 B d:\home\jbrains\workspace\v3.0\jbrains\DiasparsoftToolkit\target\docs\images\icon_arrowfolder2_sml.gif --> diasparsoftware.com /toolkit/images icon_arrowfolder2_sml.gif
2004.06.07 22:49 B d:\home\jbrains\workspace\v3.0\jbrains\DiasparsoftToolkit\target\docs\images\icon_arrowfolderclosed1_sml.gif --> diasparsoftware.com /toolkit/images icon_arrowfolderclosed1_sml.gif
2004.06.07 22:49 B d:\home\jbrains\workspace\v3.0\jbrains\DiasparsoftToolkit\target\docs\images\icon_arrowfolderopen2_sml.gif --> diasparsoftware.com /toolkit/images icon_arrowfolderopen2_sml.gif
2004.06.07 22:49 B d:\home\jbrains\workspace\v3.0\jbrains\DiasparsoftToolkit\target\docs\images\icon_arrowmembers1_sml.gif --> diasparsoftware.com /toolkit/images icon_arrowmembers1_sml.gif
2004.06.07 22:49 B d:\home\jbrains\workspace\v3.0\jbrains\DiasparsoftToolkit\target\docs\images\icon_arrowmembers2_sml.gif --> diasparsoftware.com /toolkit/images icon_arrowmembers2_sml.gif
2004.06.07 22:49 B d:\home\jbrains\workspace\v3.0\jbrains\DiasparsoftToolkit\target\docs\images\icon_arrowusergroups1_sml.gif --> diasparsoftware.com /toolkit/images icon_arrowusergroups1_sml.gif
2004.06.07 22:49 B d:\home\jbrains\workspace\v3.0\jbrains\DiasparsoftToolkit\target\docs\images\icon_arrowusergroups2_sml.gif --> diasparsoftware.com /toolkit/images icon_arrowusergroups2_sml.gif
2004.06.07 22:49 B d:\home\jbrains\workspace\v3.0\jbrains\DiasparsoftToolkit\target\docs\images\icon_arrowwaste1_sml.gif --> diasparsoftware.com /toolkit/images icon_arrowwaste1_sml.gif
2004.06.07 22:49 B d:\home\jbrains\workspace\v3.0\jbrains\DiasparsoftToolkit\target\docs\images\icon_arrowwaste2_sml.gif --> diasparsoftware.com /toolkit/images icon_arrowwaste2_sml.gif
2004.06.07 22:49 B d:\home\jbrains\workspace\v3.0\jbrains\DiasparsoftToolkit\target\docs\images\icon_confirmsml.gif --> diasparsoftware.com /toolkit/images icon_confirmsml.gif
2004.06.07 22:49 B d:\home\jbrains\workspace\v3.0\jbrains\DiasparsoftToolkit\target\docs\images\icon_doc_lrg.gif --> diasparsoftware.com /toolkit/images icon_doc_lrg.gif
2004.06.07 22:49 B d:\home\jbrains\workspace\v3.0\jbrains\DiasparsoftToolkit\target\docs\images\icon_doc_sml.gif --> diasparsoftware.com /toolkit/images icon_doc_sml.gif
2004.06.07 22:49 B d:\home\jbrains\workspace\v3.0\jbrains\DiasparsoftToolkit\target\docs\images\icon_error_lrg.gif --> diasparsoftware.com /toolkit/images icon_error_lrg.gif
2004.06.07 22:49 B d:\home\jbrains\workspace\v3.0\jbrains\DiasparsoftToolkit\target\docs\images\icon_error_sml.gif --> diasparsoftware.com /toolkit/images icon_error_sml.gif
2004.06.07 22:49 B d:\home\jbrains\workspace\v3.0\jbrains\DiasparsoftToolkit\target\docs\images\icon_folder_lrg.gif --> diasparsoftware.com /toolkit/images icon_folder_lrg.gif
2004.06.07 22:49 B d:\home\jbrains\workspace\v3.0\jbrains\DiasparsoftToolkit\target\docs\images\icon_folder_sml.gif --> diasparsoftware.com /toolkit/images icon_folder_sml.gif
2004.06.07 22:49 B d:\home\jbrains\workspace\v3.0\jbrains\DiasparsoftToolkit\target\docs\images\icon_help_lrg.gif --> diasparsoftware.com /toolkit/images icon_help_lrg.gif
2004.06.07 22:49 B d:\home\jbrains\workspace\v3.0\jbrains\DiasparsoftToolkit\target\docs\images\icon_help_sml.gif --> diasparsoftware.com /toolkit/images icon_help_sml.gif
2004.06.07 22:49 B d:\home\jbrains\workspace\v3.0\jbrains\DiasparsoftToolkit\target\docs\images\icon_info_lrg.gif --> diasparsoftware.com /toolkit/images icon_info_lrg.gif
2004.06.07 22:49 B d:\home\jbrains\workspace\v3.0\jbrains\DiasparsoftToolkit\target\docs\images\icon_info_sml.gif --> diasparsoftware.com /toolkit/images icon_info_sml.gif
2004.06.07 22:49 B d:\home\jbrains\workspace\v3.0\jbrains\DiasparsoftToolkit\target\docs\images\icon_infosml.gif --> diasparsoftware.com /toolkit/images icon_infosml.gif
2004.06.07 22:49 B d:\home\jbrains\workspace\v3.0\jbrains\DiasparsoftToolkit\target\docs\images\icon_members_lrg.gif --> diasparsoftware.com /toolkit/images icon_members_lrg.gif
2004.06.07 22:49 B d:\home\jbrains\workspace\v3.0\jbrains\DiasparsoftToolkit\target\docs\images\icon_members_sml.gif --> diasparsoftware.com /toolkit/images icon_members_sml.gif
2004.06.07 22:49 B d:\home\jbrains\workspace\v3.0\jbrains\DiasparsoftToolkit\target\docs\images\icon_sortdown.gif --> diasparsoftware.com /toolkit/images icon_sortdown.gif
2004.06.07 22:49 B d:\home\jbrains\workspace\v3.0\jbrains\DiasparsoftToolkit\target\docs\images\icon_sortleft.gif --> diasparsoftware.com /toolkit/images icon_sortleft.gif
2004.06.07 22:49 B d:\home\jbrains\workspace\v3.0\jbrains\DiasparsoftToolkit\target\docs\images\icon_sortright.gif --> diasparsoftware.com /toolkit/images icon_sortright.gif
2004.06.07 22:49 B d:\home\jbrains\workspace\v3.0\jbrains\DiasparsoftToolkit\target\docs\images\icon_sortup.gif --> diasparsoftware.com /toolkit/images icon_sortup.gif
2004.06.07 22:49 B d:\home\jbrains\workspace\v3.0\jbrains\DiasparsoftToolkit\target\docs\images\icon_success_lrg.gif --> diasparsoftware.com /toolkit/images icon_success_lrg.gif
2004.06.07 22:49 B d:\home\jbrains\workspace\v3.0\jbrains\DiasparsoftToolkit\target\docs\images\icon_success_sml.gif --> diasparsoftware.com /toolkit/images icon_success_sml.gif
2004.06.07 22:49 B d:\home\jbrains\workspace\v3.0\jbrains\DiasparsoftToolkit\target\docs\images\icon_usergroups_lrg.gif --> diasparsoftware.com /toolkit/images icon_usergroups_lrg.gif
2004.06.07 22:49 B d:\home\jbrains\workspace\v3.0\jbrains\DiasparsoftToolkit\target\docs\images\icon_usergroups_sml.gif --> diasparsoftware.com /toolkit/images icon_usergroups_sml.gif
2004.06.07 22:49 B d:\home\jbrains\workspace\v3.0\jbrains\DiasparsoftToolkit\target\docs\images\icon_warning_lrg.gif --> diasparsoftware.com /toolkit/images icon_warning_lrg.gif
2004.06.07 22:49 B d:\home\jbrains\workspace\v3.0\jbrains\DiasparsoftToolkit\target\docs\images\icon_warning_sml.gif --> diasparsoftware.com /toolkit/images icon_warning_sml.gif
2004.06.07 22:49 B d:\home\jbrains\workspace\v3.0\jbrains\DiasparsoftToolkit\target\docs\images\icon_waste_lrg.gif --> diasparsoftware.com /toolkit/images icon_waste_lrg.gif
2004.06.07 22:49 B d:\home\jbrains\workspace\v3.0\jbrains\DiasparsoftToolkit\target\docs\images\icon_waste_sml.gif --> diasparsoftware.com /toolkit/images icon_waste_sml.gif
2004.06.07 22:50 B d:\home\jbrains\workspace\v3.0\jbrains\DiasparsoftToolkit\target\docs\images\newwindow-classic.png --> diasparsoftware.com /toolkit/images newwindow-classic.png
2004.06.07 22:50 B d:\home\jbrains\workspace\v3.0\jbrains\DiasparsoftToolkit\target\docs\images\newwindow.png --> diasparsoftware.com /toolkit/images newwindow.png
2004.06.07 22:50 B d:\home\jbrains\workspace\v3.0\jbrains\DiasparsoftToolkit\target\docs\images\none.png --> diasparsoftware.com /toolkit/images none.png
2004.06.07 22:50 B d:\home\jbrains\workspace\v3.0\jbrains\DiasparsoftToolkit\target\docs\images\nw_maj.gif --> diasparsoftware.com /toolkit/images nw_maj.gif
2004.06.07 22:50 B d:\home\jbrains\workspace\v3.0\jbrains\DiasparsoftToolkit\target\docs\images\nw_maj_hi.gif --> diasparsoftware.com /toolkit/images nw_maj_hi.gif
2004.06.07 22:50 B d:\home\jbrains\workspace\v3.0\jbrains\DiasparsoftToolkit\target\docs\images\nw_maj_rond.gif --> diasparsoftware.com /toolkit/images nw_maj_rond.gif
2004.06.07 22:50 B d:\home\jbrains\workspace\v3.0\jbrains\DiasparsoftToolkit\target\docs\images\nw_med.gif --> diasparsoftware.com /toolkit/images nw_med.gif
2004.06.07 22:50 B d:\home\jbrains\workspace\v3.0\jbrains\DiasparsoftToolkit\target\docs\images\nw_med_hi.gif --> diasparsoftware.com /toolkit/images nw_med_hi.gif
2004.06.07 22:50 B d:\home\jbrains\workspace\v3.0\jbrains\DiasparsoftToolkit\target\docs\images\nw_med_rond.gif --> diasparsoftware.com /toolkit/images nw_med_rond.gif
2004.06.07 22:50 B d:\home\jbrains\workspace\v3.0\jbrains\DiasparsoftToolkit\target\docs\images\nw_min.gif --> diasparsoftware.com /toolkit/images nw_min.gif
2004.06.07 22:50 B d:\home\jbrains\workspace\v3.0\jbrains\DiasparsoftToolkit\target\docs\images\nw_min_036.gif --> diasparsoftware.com /toolkit/images nw_min_036.gif
2004.06.07 22:50 B d:\home\jbrains\workspace\v3.0\jbrains\DiasparsoftToolkit\target\docs\images\nw_min_hi.gif --> diasparsoftware.com /toolkit/images nw_min_hi.gif
2004.06.07 22:50 B d:\home\jbrains\workspace\v3.0\jbrains\DiasparsoftToolkit\target\docs\images\pdf.gif --> diasparsoftware.com /toolkit/images pdf.gif
2004.06.07 22:50 B d:\home\jbrains\workspace\v3.0\jbrains\DiasparsoftToolkit\target\docs\images\poweredby_036.gif --> diasparsoftware.com /toolkit/images poweredby_036.gif
2004.06.07 22:50 B d:\home\jbrains\workspace\v3.0\jbrains\DiasparsoftToolkit\target\docs\images\product_logo.gif --> diasparsoftware.com /toolkit/images product_logo.gif
2004.06.07 22:50 B d:\home\jbrains\workspace\v3.0\jbrains\DiasparsoftToolkit\target\docs\images\remove.gif --> diasparsoftware.com /toolkit/images remove.gif
2004.06.07 22:50 B d:\home\jbrains\workspace\v3.0\jbrains\DiasparsoftToolkit\target\docs\images\se_maj_rond.gif --> diasparsoftware.com /toolkit/images se_maj_rond.gif
2004.06.07 22:50 B d:\home\jbrains\workspace\v3.0\jbrains\DiasparsoftToolkit\target\docs\images\strich.gif --> diasparsoftware.com /toolkit/images strich.gif
2004.06.07 22:50 B d:\home\jbrains\workspace\v3.0\jbrains\DiasparsoftToolkit\target\docs\images\sw_maj_rond.gif --> diasparsoftware.com /toolkit/images sw_maj_rond.gif
2004.06.07 22:50 B d:\home\jbrains\workspace\v3.0\jbrains\DiasparsoftToolkit\target\docs\images\sw_med_rond.gif --> diasparsoftware.com /toolkit/images sw_med_rond.gif
2004.06.07 22:50 B d:\home\jbrains\workspace\v3.0\jbrains\DiasparsoftToolkit\target\docs\images\sw_min.gif --> diasparsoftware.com /toolkit/images sw_min.gif
2004.06.07 22:50 B d:\home\jbrains\workspace\v3.0\jbrains\DiasparsoftToolkit\target\docs\images\update.gif --> diasparsoftware.com /toolkit/images update.gif
2004.06.07 22:50 B d:\home\jbrains\workspace\v3.0\jbrains\DiasparsoftToolkit\target\docs\images\WS_FTP.LOG --> diasparsoftware.com /toolkit/images WS_FTP.LOG
