2004.06.07 22:42 B d:\home\jbrains\workspace\v3.0\jbrains\DiasparsoftToolkit\target\docs\changelog-report.html --> diasparsoftware.com /toolkit changelog-report.html
2004.06.07 22:42 B d:\home\jbrains\workspace\v3.0\jbrains\DiasparsoftToolkit\target\docs\checkstyle-report.html --> diasparsoftware.com /toolkit checkstyle-report.html
2004.06.07 22:42 B d:\home\jbrains\workspace\v3.0\jbrains\DiasparsoftToolkit\target\docs\cvs-usage.html --> diasparsoftware.com /toolkit cvs-usage.html
2004.06.07 22:42 B d:\home\jbrains\workspace\v3.0\jbrains\DiasparsoftToolkit\target\docs\dependencies.html --> diasparsoftware.com /toolkit dependencies.html
2004.06.07 22:42 B d:\home\jbrains\workspace\v3.0\jbrains\DiasparsoftToolkit\target\docs\developer-activity-report.html --> diasparsoftware.com /toolkit developer-activity-report.html
2004.06.07 22:42 B d:\home\jbrains\workspace\v3.0\jbrains\DiasparsoftToolkit\target\docs\downloads.html --> diasparsoftware.com /toolkit downloads.html
2004.06.07 22:42 B d:\home\jbrains\workspace\v3.0\jbrains\DiasparsoftToolkit\target\docs\file-activity-report.html --> diasparsoftware.com /toolkit file-activity-report.html
2004.06.07 22:42 B d:\home\jbrains\workspace\v3.0\jbrains\DiasparsoftToolkit\target\docs\index.html --> diasparsoftware.com /toolkit index.html
2004.06.07 22:42 B d:\home\jbrains\workspace\v3.0\jbrains\DiasparsoftToolkit\target\docs\issue-tracking.html --> diasparsoftware.com /toolkit issue-tracking.html
2004.06.07 22:42 B d:\home\jbrains\workspace\v3.0\jbrains\DiasparsoftToolkit\target\docs\javadoc.html --> diasparsoftware.com /toolkit javadoc.html
2004.06.07 22:42 B d:\home\jbrains\workspace\v3.0\jbrains\DiasparsoftToolkit\target\docs\jdepend-report.html --> diasparsoftware.com /toolkit jdepend-report.html
2004.06.07 22:42 B d:\home\jbrains\workspace\v3.0\jbrains\DiasparsoftToolkit\target\docs\junit-report.html --> diasparsoftware.com /toolkit junit-report.html
2004.06.07 22:42 B d:\home\jbrains\workspace\v3.0\jbrains\DiasparsoftToolkit\target\docs\license.html --> diasparsoftware.com /toolkit license.html
2004.06.07 22:42 B d:\home\jbrains\workspace\v3.0\jbrains\DiasparsoftToolkit\target\docs\linkcheck.html --> diasparsoftware.com /toolkit linkcheck.html
2004.06.07 22:42 B d:\home\jbrains\workspace\v3.0\jbrains\DiasparsoftToolkit\target\docs\mail-lists.html --> diasparsoftware.com /toolkit mail-lists.html
2004.06.07 22:42 B d:\home\jbrains\workspace\v3.0\jbrains\DiasparsoftToolkit\target\docs\maven-reports.html --> diasparsoftware.com /toolkit maven-reports.html
2004.06.07 22:42 B d:\home\jbrains\workspace\v3.0\jbrains\DiasparsoftToolkit\target\docs\project-info.html --> diasparsoftware.com /toolkit project-info.html
2004.06.07 22:42 B d:\home\jbrains\workspace\v3.0\jbrains\DiasparsoftToolkit\target\docs\task-list.html --> diasparsoftware.com /toolkit task-list.html
2004.06.07 22:42 B d:\home\jbrains\workspace\v3.0\jbrains\DiasparsoftToolkit\target\docs\team-list.html --> diasparsoftware.com /toolkit team-list.html
2004.06.07 22:54 B d:\home\jbrains\workspace\v3.0\jbrains\DiasparsoftToolkit\target\docs\changelog-report.html --> diasparsoftware.com /toolkit changelog-report.html
2004.06.07 22:54 B d:\home\jbrains\workspace\v3.0\jbrains\DiasparsoftToolkit\target\docs\checkstyle-report.html --> diasparsoftware.com /toolkit checkstyle-report.html
2004.06.07 22:54 B d:\home\jbrains\workspace\v3.0\jbrains\DiasparsoftToolkit\target\docs\cvs-usage.html --> diasparsoftware.com /toolkit cvs-usage.html
2004.06.07 22:54 B d:\home\jbrains\workspace\v3.0\jbrains\DiasparsoftToolkit\target\docs\dependencies.html --> diasparsoftware.com /toolkit dependencies.html
2004.06.07 22:54 B d:\home\jbrains\workspace\v3.0\jbrains\DiasparsoftToolkit\target\docs\developer-activity-report.html --> diasparsoftware.com /toolkit developer-activity-report.html
2004.06.07 22:54 B d:\home\jbrains\workspace\v3.0\jbrains\DiasparsoftToolkit\target\docs\downloads.html --> diasparsoftware.com /toolkit downloads.html
2004.06.07 22:54 B d:\home\jbrains\workspace\v3.0\jbrains\DiasparsoftToolkit\target\docs\file-activity-report.html --> diasparsoftware.com /toolkit file-activity-report.html
2004.06.07 22:54 B d:\home\jbrains\workspace\v3.0\jbrains\DiasparsoftToolkit\target\docs\index.html --> diasparsoftware.com /toolkit index.html
2004.06.07 22:54 B d:\home\jbrains\workspace\v3.0\jbrains\DiasparsoftToolkit\target\docs\issue-tracking.html --> diasparsoftware.com /toolkit issue-tracking.html
2004.06.07 22:54 B d:\home\jbrains\workspace\v3.0\jbrains\DiasparsoftToolkit\target\docs\javadoc.html --> diasparsoftware.com /toolkit javadoc.html
2004.06.07 22:54 B d:\home\jbrains\workspace\v3.0\jbrains\DiasparsoftToolkit\target\docs\jdepend-report.html --> diasparsoftware.com /toolkit jdepend-report.html
2004.06.07 22:54 B d:\home\jbrains\workspace\v3.0\jbrains\DiasparsoftToolkit\target\docs\junit-report.html --> diasparsoftware.com /toolkit junit-report.html
2004.06.07 22:54 B d:\home\jbrains\workspace\v3.0\jbrains\DiasparsoftToolkit\target\docs\license.html --> diasparsoftware.com /toolkit license.html
2004.06.07 22:54 B d:\home\jbrains\workspace\v3.0\jbrains\DiasparsoftToolkit\target\docs\linkcheck.html --> diasparsoftware.com /toolkit linkcheck.html
2004.06.07 22:54 B d:\home\jbrains\workspace\v3.0\jbrains\DiasparsoftToolkit\target\docs\mail-lists.html --> diasparsoftware.com /toolkit mail-lists.html
2004.06.07 22:54 B d:\home\jbrains\workspace\v3.0\jbrains\DiasparsoftToolkit\target\docs\maven-reports.html --> diasparsoftware.com /toolkit maven-reports.html
2004.06.07 22:54 B d:\home\jbrains\workspace\v3.0\jbrains\DiasparsoftToolkit\target\docs\project-info.html --> diasparsoftware.com /toolkit project-info.html
2004.06.07 22:54 B d:\home\jbrains\workspace\v3.0\jbrains\DiasparsoftToolkit\target\docs\task-list.html --> diasparsoftware.com /toolkit task-list.html
2004.06.07 22:54 B d:\home\jbrains\workspace\v3.0\jbrains\DiasparsoftToolkit\target\docs\team-list.html --> diasparsoftware.com /toolkit team-list.html
2004.06.08 11:07 B d:\home\jbrains\workspace\v3.0\jbrains\DiasparsoftToolkit\target\docs\changelog-report.html --> diasparsoftware.com /toolkit changelog-report.html
2004.06.08 11:07 B d:\home\jbrains\workspace\v3.0\jbrains\DiasparsoftToolkit\target\docs\checkstyle-report.html --> diasparsoftware.com /toolkit checkstyle-report.html
2004.06.08 11:07 B d:\home\jbrains\workspace\v3.0\jbrains\DiasparsoftToolkit\target\docs\cvs-usage.html --> diasparsoftware.com /toolkit cvs-usage.html
2004.06.08 11:07 B d:\home\jbrains\workspace\v3.0\jbrains\DiasparsoftToolkit\target\docs\dependencies.html --> diasparsoftware.com /toolkit dependencies.html
2004.06.08 11:07 B d:\home\jbrains\workspace\v3.0\jbrains\DiasparsoftToolkit\target\docs\developer-activity-report.html --> diasparsoftware.com /toolkit developer-activity-report.html
2004.06.08 11:07 B d:\home\jbrains\workspace\v3.0\jbrains\DiasparsoftToolkit\target\docs\downloads.html --> diasparsoftware.com /toolkit downloads.html
2004.06.08 11:07 B d:\home\jbrains\workspace\v3.0\jbrains\DiasparsoftToolkit\target\docs\file-activity-report.html --> diasparsoftware.com /toolkit file-activity-report.html
2004.06.08 11:07 B d:\home\jbrains\workspace\v3.0\jbrains\DiasparsoftToolkit\target\docs\index.html --> diasparsoftware.com /toolkit index.html
2004.06.08 11:07 B d:\home\jbrains\workspace\v3.0\jbrains\DiasparsoftToolkit\target\docs\issue-tracking.html --> diasparsoftware.com /toolkit issue-tracking.html
2004.06.08 11:07 B d:\home\jbrains\workspace\v3.0\jbrains\DiasparsoftToolkit\target\docs\javadoc.html --> diasparsoftware.com /toolkit javadoc.html
2004.06.08 11:07 B d:\home\jbrains\workspace\v3.0\jbrains\DiasparsoftToolkit\target\docs\jdepend-report.html --> diasparsoftware.com /toolkit jdepend-report.html
2004.06.08 11:07 B d:\home\jbrains\workspace\v3.0\jbrains\DiasparsoftToolkit\target\docs\junit-report.html --> diasparsoftware.com /toolkit junit-report.html
2004.06.08 11:07 B d:\home\jbrains\workspace\v3.0\jbrains\DiasparsoftToolkit\target\docs\license.html --> diasparsoftware.com /toolkit license.html
2004.06.08 11:07 B d:\home\jbrains\workspace\v3.0\jbrains\DiasparsoftToolkit\target\docs\linkcheck.html --> diasparsoftware.com /toolkit linkcheck.html
2004.06.08 11:07 B d:\home\jbrains\workspace\v3.0\jbrains\DiasparsoftToolkit\target\docs\mail-lists.html --> diasparsoftware.com /toolkit mail-lists.html
2004.06.08 11:07 B d:\home\jbrains\workspace\v3.0\jbrains\DiasparsoftToolkit\target\docs\maven-reports.html --> diasparsoftware.com /toolkit maven-reports.html
2004.06.08 11:07 B d:\home\jbrains\workspace\v3.0\jbrains\DiasparsoftToolkit\target\docs\project-info.html --> diasparsoftware.com /toolkit project-info.html
2004.06.08 11:07 B d:\home\jbrains\workspace\v3.0\jbrains\DiasparsoftToolkit\target\docs\task-list.html --> diasparsoftware.com /toolkit task-list.html
2004.06.08 11:07 B d:\home\jbrains\workspace\v3.0\jbrains\DiasparsoftToolkit\target\docs\team-list.html --> diasparsoftware.com /toolkit team-list.html
