2004.06.07 22:36 B d:\home\jbrains\workspace\v3.0\jbrains\DiasparsoftToolkit\target\docs\images\logos\maven-bolt.png --> diasparsoftware.com /toolkit/images/logos maven-bolt.png
2004.06.07 22:36 B d:\home\jbrains\workspace\v3.0\jbrains\DiasparsoftToolkit\target\docs\images\logos\maven-brewed.png --> diasparsoftware.com /toolkit/images/logos maven-brewed.png
2004.06.07 22:36 B d:\home\jbrains\workspace\v3.0\jbrains\DiasparsoftToolkit\target\docs\images\logos\maven-build-successfull.png --> diasparsoftware.com /toolkit/images/logos maven-build-successfull.png
2004.06.07 22:36 B d:\home\jbrains\workspace\v3.0\jbrains\DiasparsoftToolkit\target\docs\images\logos\maven-built.png --> diasparsoftware.com /toolkit/images/logos maven-built.png
2004.06.07 22:36 B d:\home\jbrains\workspace\v3.0\jbrains\DiasparsoftToolkit\target\docs\images\logos\maven-bulldozer.png --> diasparsoftware.com /toolkit/images/logos maven-bulldozer.png
2004.06.07 22:36 B d:\home\jbrains\workspace\v3.0\jbrains\DiasparsoftToolkit\target\docs\images\logos\maven-button-1.png --> diasparsoftware.com /toolkit/images/logos maven-button-1.png
2004.06.07 22:36 B d:\home\jbrains\workspace\v3.0\jbrains\DiasparsoftToolkit\target\docs\images\logos\maven-button-2.png --> diasparsoftware.com /toolkit/images/logos maven-button-2.png
2004.06.07 22:36 B d:\home\jbrains\workspace\v3.0\jbrains\DiasparsoftToolkit\target\docs\images\logos\maven-button-3.png --> diasparsoftware.com /toolkit/images/logos maven-button-3.png
2004.06.07 22:36 B d:\home\jbrains\workspace\v3.0\jbrains\DiasparsoftToolkit\target\docs\images\logos\maven-button-4.png --> diasparsoftware.com /toolkit/images/logos maven-button-4.png
2004.06.07 22:36 B d:\home\jbrains\workspace\v3.0\jbrains\DiasparsoftToolkit\target\docs\images\logos\maven-button-5.png --> diasparsoftware.com /toolkit/images/logos maven-button-5.png
2004.06.07 22:36 B d:\home\jbrains\workspace\v3.0\jbrains\DiasparsoftToolkit\target\docs\images\logos\maven-button-black.png --> diasparsoftware.com /toolkit/images/logos maven-button-black.png
2004.06.07 22:36 B d:\home\jbrains\workspace\v3.0\jbrains\DiasparsoftToolkit\target\docs\images\logos\maven-button-blue.png --> diasparsoftware.com /toolkit/images/logos maven-button-blue.png
2004.06.07 22:36 B d:\home\jbrains\workspace\v3.0\jbrains\DiasparsoftToolkit\target\docs\images\logos\maven-button-copper.png --> diasparsoftware.com /toolkit/images/logos maven-button-copper.png
2004.06.07 22:37 B d:\home\jbrains\workspace\v3.0\jbrains\DiasparsoftToolkit\target\docs\images\logos\maven-button-green.png --> diasparsoftware.com /toolkit/images/logos maven-button-green.png
2004.06.07 22:37 B d:\home\jbrains\workspace\v3.0\jbrains\DiasparsoftToolkit\target\docs\images\logos\maven-button-pinky.png --> diasparsoftware.com /toolkit/images/logos maven-button-pinky.png
2004.06.07 22:37 B d:\home\jbrains\workspace\v3.0\jbrains\DiasparsoftToolkit\target\docs\images\logos\maven-button-purple.png --> diasparsoftware.com /toolkit/images/logos maven-button-purple.png
2004.06.07 22:37 B d:\home\jbrains\workspace\v3.0\jbrains\DiasparsoftToolkit\target\docs\images\logos\maven-button-teal.png --> diasparsoftware.com /toolkit/images/logos maven-button-teal.png
2004.06.07 22:37 B d:\home\jbrains\workspace\v3.0\jbrains\DiasparsoftToolkit\target\docs\images\logos\maven-feather.png --> diasparsoftware.com /toolkit/images/logos maven-feather.png
2004.06.07 22:37 B d:\home\jbrains\workspace\v3.0\jbrains\DiasparsoftToolkit\target\docs\images\logos\maven-frankenstein.png --> diasparsoftware.com /toolkit/images/logos maven-frankenstein.png
2004.06.07 22:37 B d:\home\jbrains\workspace\v3.0\jbrains\DiasparsoftToolkit\target\docs\images\logos\maven-mavenfactured.png --> diasparsoftware.com /toolkit/images/logos maven-mavenfactured.png
2004.06.07 22:37 B d:\home\jbrains\workspace\v3.0\jbrains\DiasparsoftToolkit\target\docs\images\logos\maven-petesucks.png --> diasparsoftware.com /toolkit/images/logos maven-petesucks.png
2004.06.07 22:37 B d:\home\jbrains\workspace\v3.0\jbrains\DiasparsoftToolkit\target\docs\images\logos\maven-propaganda-2.png --> diasparsoftware.com /toolkit/images/logos maven-propaganda-2.png
2004.06.07 22:37 B d:\home\jbrains\workspace\v3.0\jbrains\DiasparsoftToolkit\target\docs\images\logos\maven-propaganda.png --> diasparsoftware.com /toolkit/images/logos maven-propaganda.png
2004.06.07 22:37 B d:\home\jbrains\workspace\v3.0\jbrains\DiasparsoftToolkit\target\docs\images\logos\maven-redgreen.png --> diasparsoftware.com /toolkit/images/logos maven-redgreen.png
2004.06.07 22:49 B d:\home\jbrains\workspace\v3.0\jbrains\DiasparsoftToolkit\target\docs\images\logos\WS_FTP.LOG --> diasparsoftware.com /toolkit/images/logos WS_FTP.LOG
